<?xml version="1.0" encoding="UTF-8"?>
<testng-results skipped="0" failed="0" ignored="0" total="1" passed="1">
  <reporter-output>
  </reporter-output>
  <suite name="ZohoSignUpPageSuite" duration-ms="89134" started-at="2019-08-17T05:21:31Z" finished-at="2019-08-17T05:23:00Z">
    <groups>
    </groups>
    <test name="validateZohoHomepageTitle" duration-ms="89134" started-at="2019-08-17T05:21:31Z" finished-at="2019-08-17T05:23:00Z">
      <class name="com.zoho.signuppage.suitepack.ZohoSignUpTestPage">
        <test-method status="PASS" signature="intialSetUp()[pri:0, instance:com.zoho.signuppage.suitepack.ZohoSignUpTestPage@27a5f880]" name="intialSetUp" is-config="true" duration-ms="14" started-at="2019-08-17T10:51:31Z" finished-at="2019-08-17T10:51:31Z">
          <reporter-output>
          </reporter-output>
        </test-method> <!-- intialSetUp -->
        <test-method status="PASS" signature="initialization()[pri:0, instance:com.zoho.signuppage.suitepack.ZohoSignUpTestPage@27a5f880]" name="initialization" is-config="true" duration-ms="83215" started-at="2019-08-17T10:51:31Z" finished-at="2019-08-17T10:52:55Z">
          <reporter-output>
          </reporter-output>
        </test-method> <!-- initialization -->
        <test-method status="PASS" signature="validateZohoHomepageTitle()[pri:0, instance:com.zoho.signuppage.suitepack.ZohoSignUpTestPage@27a5f880]" name="validateZohoHomepageTitle" duration-ms="3862" started-at="2019-08-17T10:52:55Z" finished-at="2019-08-17T10:52:58Z">
          <reporter-output>
          </reporter-output>
        </test-method> <!-- validateZohoHomepageTitle -->
        <test-method status="PASS" signature="quit()[pri:0, instance:com.zoho.signuppage.suitepack.ZohoSignUpTestPage@27a5f880]" name="quit" is-config="true" duration-ms="1588" started-at="2019-08-17T10:52:59Z" finished-at="2019-08-17T10:53:00Z">
          <reporter-output>
          </reporter-output>
        </test-method> <!-- quit -->
      </class> <!-- com.zoho.signuppage.suitepack.ZohoSignUpTestPage -->
    </test> <!-- validateZohoHomepageTitle -->
  </suite> <!-- ZohoSignUpPageSuite -->
</testng-results>
