<?xml version="1.0" encoding="UTF-8"?>
<testng-results skipped="0" failed="0" ignored="0" total="1" passed="1">
  <reporter-output>
  </reporter-output>
  <suite name="Suite" duration-ms="22997" started-at="2019-08-15T05:01:31Z" finished-at="2019-08-15T05:01:54Z">
    <groups>
    </groups>
    <test name="AddCustomerTest" duration-ms="22997" started-at="2019-08-15T05:01:31Z" finished-at="2019-08-15T05:01:54Z">
      <class name="com.zoho.signuppage.suitepack.ZohoSignUpTestPage">
        <test-method status="PASS" signature="intialSetUp()[pri:0, instance:com.zoho.signuppage.suitepack.ZohoSignUpTestPage@457e2f02]" name="intialSetUp" is-config="true" duration-ms="34" started-at="2019-08-15T10:31:31Z" finished-at="2019-08-15T10:31:31Z">
          <reporter-output>
          </reporter-output>
        </test-method> <!-- intialSetUp -->
        <test-method status="PASS" signature="test()[pri:0, instance:com.zoho.signuppage.suitepack.ZohoSignUpTestPage@457e2f02]" name="test" duration-ms="22974" started-at="2019-08-15T10:31:31Z" finished-at="2019-08-15T10:31:54Z">
          <reporter-output>
          </reporter-output>
        </test-method> <!-- test -->
      </class> <!-- com.zoho.signuppage.suitepack.ZohoSignUpTestPage -->
    </test> <!-- AddCustomerTest -->
  </suite> <!-- Suite -->
</testng-results>
