<?xml version="1.0" encoding="UTF-8"?>
<testng-results skipped="0" failed="0" ignored="0" total="2" passed="2">
  <reporter-output>
  </reporter-output>
  <suite name="Default suite" duration-ms="2573" started-at="2019-08-17T07:34:13Z" finished-at="2019-08-17T07:34:16Z">
    <groups>
    </groups>
    <test name="Default test" duration-ms="2573" started-at="2019-08-17T07:34:13Z" finished-at="2019-08-17T07:34:16Z">
      <class name="test.Rough">
        <test-method status="PASS" signature="test(java.lang.String, java.lang.String)[pri:0, instance:test.Rough@4b9e13df]" name="test" duration-ms="21" started-at="2019-08-17T13:04:16Z" data-provider="LoginFB" finished-at="2019-08-17T13:04:16Z">
          <params>
            <param index="0">
              <value>
                <![CDATA[test123]]>
              </value>
            </param>
            <param index="1">
              <value>
                <![CDATA[********]]>
              </value>
            </param>
          </params>
          <reporter-output>
          </reporter-output>
        </test-method> <!-- test -->
        <test-method status="PASS" signature="test(java.lang.String, java.lang.String)[pri:0, instance:test.Rough@4b9e13df]" name="test" duration-ms="2" started-at="2019-08-17T13:04:16Z" data-provider="LoginFB" finished-at="2019-08-17T13:04:16Z">
          <params>
            <param index="0">
              <value>
                <![CDATA[tes456]]>
              </value>
            </param>
            <param index="1">
              <value>
                <![CDATA[********]]>
              </value>
            </param>
          </params>
          <reporter-output>
          </reporter-output>
        </test-method> <!-- test -->
      </class> <!-- test.Rough -->
    </test> <!-- Default test -->
  </suite> <!-- Default suite -->
</testng-results>
